#
# There is insufficient memory for the Java Runtime Environment to continue.
# Native memory allocation (malloc) failed to allocate 1073376 bytes for Chunk::new
# Possible reasons:
#   The system is out of physical RAM or swap space
#   The process is running with CompressedOops enabled, and the Java Heap may be blocking the growth of the native heap
# Possible solutions:
#   Reduce memory load on the system
#   Increase physical memory or swap space
#   Check if swap backing store is full
#   Decrease Java heap size (-Xmx/-Xms)
#   Decrease number of Java threads
#   Decrease Java thread stack sizes (-Xss)
#   Set larger code cache with -XX:ReservedCodeCacheSize=
#   JVM is running with Zero Based Compressed Oops mode in which the Java heap is
#     placed in the first 32GB address space. The Java Heap base address is the
#     maximum limit for the native heap growth. Please use -XX:HeapBaseMinAddress
#     to set the Java Heap base and to place the Java Heap above 32GB virtual address.
# This output file may be truncated or incomplete.
#
#  Out of Memory Error (arena.cpp:168), pid=17300, tid=11588
#
# JRE version: OpenJDK Runtime Environment (21.0.2+13) (build 21.0.2+13-58)
# Java VM: OpenJDK 64-Bit Server VM (21.0.2+13-58, mixed mode, sharing, tiered, compressed oops, compressed class ptrs, g1 gc, windows-amd64)
# No core dump will be written. Minidumps are not enabled by default on client versions of Windows
#

---------------  S U M M A R Y ------------

Command Line: -javaagent:E:\programs\installed\App\IntelliJ IDEA Community Edition 2023.3.2\lib\idea_rt.jar=52046:E:\programs\installed\App\IntelliJ IDEA Community Edition 2023.3.2\bin -Dfile.encoding=UTF-8 -Dsun.stdout.encoding=UTF-8 -Dsun.stderr.encoding=UTF-8 run.liara.iran.webco.IE.IeApplication

Host: 11th Gen Intel(R) Core(TM) i7-1165G7 @ 2.80GHz, 8 cores, 15G,  Windows 10 , 64 bit Build 19041 (10.0.19041.3636)
Time: Thu Jan 25 16:13:42 2024 Iran Standard Time elapsed time: 6076.020542 seconds (0d 1h 41m 16s)

---------------  T H R E A D  ---------------

Current thread (0x000002dcfd6e3100):  JavaThread "C2 CompilerThread0" daemon [_thread_in_native, id=11588, stack(0x000000edf6500000,0x000000edf6600000) (1024K)]


Current CompileTask:
C2:6076020 9711       4       org.springframework.web.servlet.mvc.method.annotation.RequestMappingHandlerAdapter::invokeHandlerMethod (277 bytes)

Stack: [0x000000edf6500000,0x000000edf6600000]
Native frames: (J=compiled Java code, j=interpreted, Vv=VM code, C=native code)
V  [jvm.dll+0x6cade9]
V  [jvm.dll+0x8569c1]
V  [jvm.dll+0x858d2e]
V  [jvm.dll+0x859413]
V  [jvm.dll+0x280e56]
V  [jvm.dll+0xc3f3d]
V  [jvm.dll+0xc4473]
V  [jvm.dll+0x2f437f]
V  [jvm.dll+0x5f5056]
V  [jvm.dll+0x252d7f]
V  [jvm.dll+0x25315f]
V  [jvm.dll+0x24b8e0]
V  [jvm.dll+0x2490a3]
V  [jvm.dll+0x1c9634]
V  [jvm.dll+0x258859]
V  [jvm.dll+0x256e3a]
V  [jvm.dll+0x3ef6c6]
V  [jvm.dll+0x7ff568]
V  [jvm.dll+0x6c953d]
C  [ucrtbase.dll+0x21bb2]
C  [KERNEL32.DLL+0x17344]
C  [ntdll.dll+0x526b1]


---------------  P R O C E S S  ---------------

Threads class SMR info:
_java_thread_list=0x000002dcc6d31460, length=33, elements={
0x000002dcfd6c68f0, 0x000002dcfd6c7510, 0x000002dcfd6cbf00, 0x000002dcfd6cc660,
0x000002dcfd6d5050, 0x000002dcfd6db8e0, 0x000002dcfd6e3100, 0x000002dcfd6e67d0,
0x000002dcfd6dabc0, 0x000002dcfd6d9ea0, 0x000002dcfd6d9810, 0x000002dcc5d9ba10,
0x000002dcc5d9ee90, 0x000002dcc5d9e170, 0x000002dcc5d9cdc0, 0x000002dcc5d9dae0,
0x000002dcc5d9c0a0, 0x000002dcc5d9e800, 0x000002dcc5d9f520, 0x000002dcc5d9d450,
0x000002dcc5d9c730, 0x000002dcc5da0f60, 0x000002dcc5d9acf0, 0x000002dcc5da08d0,
0x000002dcc5d99fd0, 0x000002dcc5d9fbb0, 0x000002dcc5d9a660, 0x000002dcc5da15f0,
0x000002dcc5d9b380, 0x000002dcfd6dbf70, 0x000002dcc6c2c260, 0x000002dcc6c252d0,
0x000002dcc6c28750
}

Java Threads: ( => current thread )
  0x000002dcfd6c68f0 JavaThread "Reference Handler"          daemon [_thread_blocked, id=11348, stack(0x000000edf5f00000,0x000000edf6000000) (1024K)]
  0x000002dcfd6c7510 JavaThread "Finalizer"                  daemon [_thread_blocked, id=12220, stack(0x000000edf6000000,0x000000edf6100000) (1024K)]
  0x000002dcfd6cbf00 JavaThread "Signal Dispatcher"          daemon [_thread_blocked, id=16536, stack(0x000000edf6100000,0x000000edf6200000) (1024K)]
  0x000002dcfd6cc660 JavaThread "Attach Listener"            daemon [_thread_blocked, id=14800, stack(0x000000edf6200000,0x000000edf6300000) (1024K)]
  0x000002dcfd6d5050 JavaThread "Service Thread"             daemon [_thread_blocked, id=5424, stack(0x000000edf6300000,0x000000edf6400000) (1024K)]
  0x000002dcfd6db8e0 JavaThread "Monitor Deflation Thread"   daemon [_thread_blocked, id=16368, stack(0x000000edf6400000,0x000000edf6500000) (1024K)]
=>0x000002dcfd6e3100 JavaThread "C2 CompilerThread0"         daemon [_thread_in_native, id=11588, stack(0x000000edf6500000,0x000000edf6600000) (1024K)]
  0x000002dcfd6e67d0 JavaThread "C1 CompilerThread0"         daemon [_thread_blocked, id=18140, stack(0x000000edf6600000,0x000000edf6700000) (1024K)]
  0x000002dcfd6dabc0 JavaThread "Common-Cleaner"             daemon [_thread_blocked, id=10356, stack(0x000000edf6700000,0x000000edf6800000) (1024K)]
  0x000002dcfd6d9ea0 JavaThread "Monitor Ctrl-Break"         daemon [_thread_in_native, id=9736, stack(0x000000edf6900000,0x000000edf6a00000) (1024K)]
  0x000002dcfd6d9810 JavaThread "Notification Thread"        daemon [_thread_blocked, id=1456, stack(0x000000edf6a00000,0x000000edf6b00000) (1024K)]
  0x000002dcc5d9ba10 JavaThread "Catalina-utility-1"                [_thread_blocked, id=14996, stack(0x000000edf7600000,0x000000edf7700000) (1024K)]
  0x000002dcc5d9ee90 JavaThread "Catalina-utility-2"                [_thread_blocked, id=16052, stack(0x000000edf7700000,0x000000edf7800000) (1024K)]
  0x000002dcc5d9e170 JavaThread "container-0"                       [_thread_blocked, id=13896, stack(0x000000edf7800000,0x000000edf7900000) (1024K)]
  0x000002dcc5d9cdc0 JavaThread "BufferPoolPruner-1-thread-1" daemon [_thread_blocked, id=6240, stack(0x000000edf7900000,0x000000edf7a00000) (1024K)]
  0x000002dcc5d9dae0 JavaThread "cluster-ClusterId{value='65b23fc47f4ead15fdc4efb9', description='null'}-127.0.0.1:27017" daemon [_thread_in_native, id=13548, stack(0x000000edf7a00000,0x000000edf7b00000) (1024K)]
  0x000002dcc5d9c0a0 JavaThread "cluster-rtt-ClusterId{value='65b23fc47f4ead15fdc4efb9', description='null'}-127.0.0.1:27017" daemon [_thread_blocked, id=1116, stack(0x000000edf7b00000,0x000000edf7c00000) (1024K)]
  0x000002dcc5d9e800 JavaThread "MaintenanceTimer-2-thread-1" daemon [_thread_blocked, id=16084, stack(0x000000edf7d00000,0x000000edf7e00000) (1024K)]
  0x000002dcc5d9f520 JavaThread "Live Reload Server"         daemon [_thread_in_native, id=17492, stack(0x000000edf7f00000,0x000000edf8000000) (1024K)]
  0x000002dcc5d9d450 JavaThread "File Watcher"               daemon [_thread_blocked, id=18052, stack(0x000000edf7e00000,0x000000edf7f00000) (1024K)]
  0x000002dcc5d9c730 JavaThread "http-nio-8080-exec-1"       daemon [_thread_blocked, id=15352, stack(0x000000edf8000000,0x000000edf8100000) (1024K)]
  0x000002dcc5da0f60 JavaThread "http-nio-8080-exec-2"       daemon [_thread_blocked, id=13180, stack(0x000000edf8100000,0x000000edf8200000) (1024K)]
  0x000002dcc5d9acf0 JavaThread "http-nio-8080-exec-3"       daemon [_thread_blocked, id=17772, stack(0x000000edf8200000,0x000000edf8300000) (1024K)]
  0x000002dcc5da08d0 JavaThread "http-nio-8080-exec-4"       daemon [_thread_blocked, id=5544, stack(0x000000edf8300000,0x000000edf8400000) (1024K)]
  0x000002dcc5d99fd0 JavaThread "http-nio-8080-exec-5"       daemon [_thread_blocked, id=16800, stack(0x000000edf8400000,0x000000edf8500000) (1024K)]
  0x000002dcc5d9fbb0 JavaThread "http-nio-8080-exec-6"       daemon [_thread_blocked, id=16360, stack(0x000000edf8500000,0x000000edf8600000) (1024K)]
  0x000002dcc5d9a660 JavaThread "http-nio-8080-exec-7"       daemon [_thread_blocked, id=560, stack(0x000000edf8600000,0x000000edf8700000) (1024K)]
  0x000002dcc5da15f0 JavaThread "http-nio-8080-exec-8"       daemon [_thread_blocked, id=18000, stack(0x000000edf8700000,0x000000edf8800000) (1024K)]
  0x000002dcc5d9b380 JavaThread "http-nio-8080-exec-9"       daemon [_thread_blocked, id=13000, stack(0x000000edf8800000,0x000000edf8900000) (1024K)]
  0x000002dcfd6dbf70 JavaThread "http-nio-8080-exec-10"      daemon [_thread_blocked, id=17200, stack(0x000000edf8900000,0x000000edf8a00000) (1024K)]
  0x000002dcc6c2c260 JavaThread "http-nio-8080-Poller"       daemon [_thread_in_native, id=17236, stack(0x000000edf8a00000,0x000000edf8b00000) (1024K)]
  0x000002dcc6c252d0 JavaThread "http-nio-8080-Acceptor"     daemon [_thread_in_native, id=18228, stack(0x000000edf8b00000,0x000000edf8c00000) (1024K)]
  0x000002dcc6c28750 JavaThread "DestroyJavaVM"                     [_thread_blocked, id=17536, stack(0x000000edf5700000,0x000000edf5800000) (1024K)]
Total: 33

Other Threads:
  0x000002dcfd6a5310 VMThread "VM Thread"                           [id=9896, stack(0x000000edf5e00000,0x000000edf5f00000) (1024K)]
  0x000002dcfd6906f0 WatcherThread "VM Periodic Task Thread"        [id=17500, stack(0x000000edf5d00000,0x000000edf5e00000) (1024K)]
  0x000002dcde669bc0 WorkerThread "GC Thread#0"                     [id=17720, stack(0x000000edf5800000,0x000000edf5900000) (1024K)]
  0x000002dcfe7b95b0 WorkerThread "GC Thread#1"                     [id=11896, stack(0x000000edf6d00000,0x000000edf6e00000) (1024K)]
  0x000002dcfe7dd330 WorkerThread "GC Thread#2"                     [id=16952, stack(0x000000edf6e00000,0x000000edf6f00000) (1024K)]
  0x000002dcfe7ddad0 WorkerThread "GC Thread#3"                     [id=13784, stack(0x000000edf6f00000,0x000000edf7000000) (1024K)]
  0x000002dcfe7dde70 WorkerThread "GC Thread#4"                     [id=9232, stack(0x000000edf7000000,0x000000edf7100000) (1024K)]
  0x000002dcfe99cf20 WorkerThread "GC Thread#5"                     [id=10744, stack(0x000000edf7100000,0x000000edf7200000) (1024K)]
  0x000002dcfeeb1c00 WorkerThread "GC Thread#6"                     [id=16020, stack(0x000000edf7300000,0x000000edf7400000) (1024K)]
  0x000002dcfeea9a80 WorkerThread "GC Thread#7"                     [id=10284, stack(0x000000edf7400000,0x000000edf7500000) (1024K)]
  0x000002dcde67a9e0 ConcurrentGCThread "G1 Main Marker"            [id=2800, stack(0x000000edf5900000,0x000000edf5a00000) (1024K)]
  0x000002dcde67b4e0 WorkerThread "G1 Conc#0"                       [id=9220, stack(0x000000edf5a00000,0x000000edf5b00000) (1024K)]
  0x000002dcff3dc940 WorkerThread "G1 Conc#1"                       [id=12184, stack(0x000000edf7500000,0x000000edf7600000) (1024K)]
  0x000002dcde6cdfa0 ConcurrentGCThread "G1 Refine#0"               [id=8300, stack(0x000000edf5b00000,0x000000edf5c00000) (1024K)]
  0x000002dcde6ce720 ConcurrentGCThread "G1 Service"                [id=13388, stack(0x000000edf5c00000,0x000000edf5d00000) (1024K)]
Total: 15

Threads with active compile tasks:
C2 CompilerThread0  6076036 9711       4       org.springframework.web.servlet.mvc.method.annotation.RequestMappingHandlerAdapter::invokeHandlerMethod (277 bytes)
Total: 1

VM state: not at safepoint (normal execution)

VM Mutex/Monitor currently owned by a thread: None

Heap address: 0x0000000703600000, size: 4042 MB, Compressed Oops mode: Zero based, Oop shift amount: 3

CDS archive(s) mapped at: [0x000002dc80000000-0x000002dc80c90000-0x000002dc80c90000), size 13172736, SharedBaseAddress: 0x000002dc80000000, ArchiveRelocationMode: 1.
Compressed class space mapped at: 0x000002dc81000000-0x000002dcc1000000, reserved size: 1073741824
Narrow klass base: 0x000002dc80000000, Narrow klass shift: 0, Narrow klass range: 0x100000000

GC Precious Log:
 CardTable entry size: 512
 Card Set container configuration: InlinePtr #cards 4 size 8 Array Of Cards #cards 16 size 48 Howl #buckets 8 coarsen threshold 3686 Howl Bitmap #cards 512 size 80 coarsen threshold 460 Card regions per heap region 1 cards per card region 4096
 CPUs: 8 total, 8 available
 Memory: 16167M
 Large Page Support: Disabled
 NUMA Support: Disabled
 Compressed Oops: Enabled (Zero based)
 Heap Region Size: 2M
 Heap Min Capacity: 8M
 Heap Initial Capacity: 254M
 Heap Max Capacity: 4042M
 Pre-touch: Disabled
 Parallel Workers: 8
 Concurrent Workers: 2
 Concurrent Refinement Workers: 8
 Periodic GC: Disabled

Heap:
 garbage-first heap   total 65536K, used 45829K [0x0000000703600000, 0x0000000800000000)
  region size 2048K, 14 young (28672K), 1 survivors (2048K)
 Metaspace       used 44849K, committed 45504K, reserved 1114112K
  class space    used 5465K, committed 5760K, reserved 1048576K

Heap Regions: E=young(eden), S=young(survivor), O=old, HS=humongous(starts), HC=humongous(continues), CS=collection set, F=free, TAMS=top-at-mark-start, PB=parsable bottom
|   0|0x0000000703600000, 0x0000000703800000, 0x0000000703800000|100%| O|  |TAMS 0x0000000703600000| PB 0x0000000703600000| Untracked 
|   1|0x0000000703800000, 0x0000000703a00000, 0x0000000703a00000|100%| O|  |TAMS 0x0000000703800000| PB 0x0000000703800000| Untracked 
|   2|0x0000000703a00000, 0x0000000703c00000, 0x0000000703c00000|100%| O|  |TAMS 0x0000000703a00000| PB 0x0000000703a00000| Untracked 
|   3|0x0000000703c00000, 0x0000000703e00000, 0x0000000703e00000|100%| O|  |TAMS 0x0000000703c00000| PB 0x0000000703c00000| Untracked 
|   4|0x0000000703e00000, 0x0000000704000000, 0x0000000704000000|100%| O|  |TAMS 0x0000000703e00000| PB 0x0000000703e00000| Untracked 
|   5|0x0000000704000000, 0x0000000704200000, 0x0000000704200000|100%| O|  |TAMS 0x0000000704000000| PB 0x0000000704000000| Untracked 
|   6|0x0000000704200000, 0x0000000704400000, 0x0000000704400000|100%| O|  |TAMS 0x0000000704200000| PB 0x0000000704200000| Untracked 
|   7|0x0000000704400000, 0x0000000704600000, 0x0000000704600000|100%| O|  |TAMS 0x0000000704400000| PB 0x0000000704400000| Untracked 
|   8|0x0000000704600000, 0x0000000704800000, 0x0000000704800000|100%| O|  |TAMS 0x0000000704600000| PB 0x0000000704600000| Untracked 
|   9|0x0000000704800000, 0x000000070492b130, 0x0000000704a00000| 58%| O|  |TAMS 0x0000000704800000| PB 0x0000000704800000| Untracked 
|  10|0x0000000704a00000, 0x0000000704a00000, 0x0000000704c00000|  0%| F|  |TAMS 0x0000000704a00000| PB 0x0000000704a00000| Untracked 
|  11|0x0000000704c00000, 0x0000000704c00000, 0x0000000704e00000|  0%| F|  |TAMS 0x0000000704c00000| PB 0x0000000704c00000| Untracked 
|  12|0x0000000704e00000, 0x0000000704e00000, 0x0000000705000000|  0%| F|  |TAMS 0x0000000704e00000| PB 0x0000000704e00000| Untracked 
|  13|0x0000000705000000, 0x0000000705000000, 0x0000000705200000|  0%| F|  |TAMS 0x0000000705000000| PB 0x0000000705000000| Untracked 
|  14|0x0000000705200000, 0x0000000705200000, 0x0000000705400000|  0%| F|  |TAMS 0x0000000705200000| PB 0x0000000705200000| Untracked 
|  15|0x0000000705400000, 0x00000007055965d0, 0x0000000705600000| 79%| S|CS|TAMS 0x0000000705400000| PB 0x0000000705400000| Complete 
|  16|0x0000000705600000, 0x0000000705600000, 0x0000000705800000|  0%| F|  |TAMS 0x0000000705600000| PB 0x0000000705600000| Untracked 
|  17|0x0000000705800000, 0x0000000705800000, 0x0000000705a00000|  0%| F|  |TAMS 0x0000000705800000| PB 0x0000000705800000| Untracked 
|  18|0x0000000705a00000, 0x0000000705a00000, 0x0000000705c00000|  0%| F|  |TAMS 0x0000000705a00000| PB 0x0000000705a00000| Untracked 
|  19|0x0000000705c00000, 0x0000000705cede60, 0x0000000705e00000| 46%| E|  |TAMS 0x0000000705c00000| PB 0x0000000705c00000| Complete 
|  20|0x0000000705e00000, 0x0000000706000000, 0x0000000706000000|100%| E|CS|TAMS 0x0000000705e00000| PB 0x0000000705e00000| Complete 
|  21|0x0000000706000000, 0x0000000706200000, 0x0000000706200000|100%| E|CS|TAMS 0x0000000706000000| PB 0x0000000706000000| Complete 
|  22|0x0000000706200000, 0x0000000706400000, 0x0000000706400000|100%| E|CS|TAMS 0x0000000706200000| PB 0x0000000706200000| Complete 
|  23|0x0000000706400000, 0x0000000706600000, 0x0000000706600000|100%| E|CS|TAMS 0x0000000706400000| PB 0x0000000706400000| Complete 
|  24|0x0000000706600000, 0x0000000706800000, 0x0000000706800000|100%| E|CS|TAMS 0x0000000706600000| PB 0x0000000706600000| Complete 
|  25|0x0000000706800000, 0x0000000706a00000, 0x0000000706a00000|100%| E|CS|TAMS 0x0000000706800000| PB 0x0000000706800000| Complete 
|  26|0x0000000706a00000, 0x0000000706c00000, 0x0000000706c00000|100%| E|CS|TAMS 0x0000000706a00000| PB 0x0000000706a00000| Complete 
| 100|0x000000070fe00000, 0x0000000710000000, 0x0000000710000000|100%| E|CS|TAMS 0x000000070fe00000| PB 0x000000070fe00000| Complete 
| 101|0x0000000710000000, 0x0000000710200000, 0x0000000710200000|100%| E|CS|TAMS 0x0000000710000000| PB 0x0000000710000000| Complete 
| 102|0x0000000710200000, 0x0000000710400000, 0x0000000710400000|100%| E|CS|TAMS 0x0000000710200000| PB 0x0000000710200000| Complete 
| 103|0x0000000710400000, 0x0000000710600000, 0x0000000710600000|100%| E|CS|TAMS 0x0000000710400000| PB 0x0000000710400000| Complete 
| 126|0x0000000713200000, 0x0000000713400000, 0x0000000713400000|100%| E|CS|TAMS 0x0000000713200000| PB 0x0000000713200000| Complete 

Card table byte_map: [0x000002dcf6580000,0x000002dcf6d70000] _byte_map_base: 0x000002dcf2d65000

Marking Bits: (CMBitMap*) 0x000002dcde66a2c0
 Bits: [0x000002dcf6d70000, 0x000002dcfac98000)

Polling page: 0x000002dcdc7a0000

Metaspace:

Usage:
  Non-class:     38.46 MB used.
      Class:      5.34 MB used.
       Both:     43.80 MB used.

Virtual space:
  Non-class space:       64.00 MB reserved,      38.81 MB ( 61%) committed,  1 nodes.
      Class space:        1.00 GB reserved,       5.62 MB ( <1%) committed,  1 nodes.
             Both:        1.06 GB reserved,      44.44 MB (  4%) committed. 

Chunk freelists:
   Non-Class:  9.11 MB
       Class:  10.33 MB
        Both:  19.44 MB

MaxMetaspaceSize: unlimited
CompressedClassSpaceSize: 1.00 GB
Initial GC threshold: 21.00 MB
Current GC threshold: 58.75 MB
CDS: on
 - commit_granule_bytes: 65536.
 - commit_granule_words: 8192.
 - virtual_space_node_default_size: 8388608.
 - enlarge_chunks_in_place: 1.
 - use_allocation_guard: 0.


Internal statistics:

num_allocs_failed_limit: 6.
num_arena_births: 858.
num_arena_deaths: 0.
num_vsnodes_births: 2.
num_vsnodes_deaths: 0.
num_space_committed: 711.
num_space_uncommitted: 0.
num_chunks_returned_to_freelist: 6.
num_chunks_taken_from_freelist: 2532.
num_chunk_merges: 6.
num_chunk_splits: 1725.
num_chunks_enlarged: 1240.
num_inconsistent_stats: 0.

CodeHeap 'non-profiled nmethods': size=120000Kb used=8023Kb max_used=8023Kb free=111976Kb
 bounds [0x000002dcee530000, 0x000002dceed10000, 0x000002dcf5a60000]
CodeHeap 'profiled nmethods': size=120000Kb used=19306Kb max_used=19306Kb free=100694Kb
 bounds [0x000002dce6a60000, 0x000002dce7d40000, 0x000002dcedf90000]
CodeHeap 'non-nmethods': size=5760Kb used=1753Kb max_used=1814Kb free=4007Kb
 bounds [0x000002dcedf90000, 0x000002dcee200000, 0x000002dcee530000]
 total_blobs=9892 nmethods=9263 adapters=533
 compilation: enabled
              stopped_count=0, restarted_count=0
 full_count=0

Compilation events (20 events):
Event: 6075.824 Thread 0x000002dcfd6e3100 nmethod 9701 0x000002dceecfb990 code [0x000002dceecfbdc0, 0x000002dceecfe410]
Event: 6075.824 Thread 0x000002dcfd6e3100 9702       4       java.util.LinkedList$ListItr::hasNext (20 bytes)
Event: 6075.825 Thread 0x000002dcfd6e3100 nmethod 9702 0x000002dceed00310 code [0x000002dceed004a0, 0x000002dceed00568]
Event: 6075.825 Thread 0x000002dcfd6e3100 9703       4       sun.nio.ch.SelectorImpl::selectedKeys (9 bytes)
Event: 6075.825 Thread 0x000002dcfd6e3100 nmethod 9703 0x000002dceed00610 code [0x000002dceed007a0, 0x000002dceed00858]
Event: 6075.825 Thread 0x000002dcfd6e3100 9704       4       java.util.AbstractSequentialList::iterator (5 bytes)
Event: 6075.826 Thread 0x000002dcfd6e3100 nmethod 9704 0x000002dceed00910 code [0x000002dceed00aa0, 0x000002dceed00bf8]
Event: 6075.830 Thread 0x000002dcfd6e3100 9705       4       com.mongodb.internal.operation.QueryBatchCursor::initFromQueryResult (97 bytes)
Event: 6075.852 Thread 0x000002dcfd6e3100 nmethod 9705 0x000002dceed00d90 code [0x000002dceed01060, 0x000002dceed027f0]
Event: 6075.852 Thread 0x000002dcfd6e3100 9708   !   4       org.apache.tomcat.util.net.NioEndpoint$SocketProcessor::doRun (600 bytes)
Event: 6075.852 Thread 0x000002dcfd6e67d0 9709       3       java.util.concurrent.locks.AbstractQueuedSynchronizer::hasQueuedThreads (38 bytes)
Event: 6075.853 Thread 0x000002dcfd6e67d0 nmethod 9709 0x000002dce7d3a310 code [0x000002dce7d3a4c0, 0x000002dce7d3a728]
Event: 6075.859 Thread 0x000002dcfd6e3100 nmethod 9708 0x000002dceed03290 code [0x000002dceed03520, 0x000002dceed03f60]
Event: 6075.859 Thread 0x000002dcfd6e3100 9710       4       java.util.HashMap$HashIterator::remove (75 bytes)
Event: 6075.868 Thread 0x000002dcfd6e3100 nmethod 9710 0x000002dceed04590 code [0x000002dceed047c0, 0x000002dceed05198]
Event: 6075.869 Thread 0x000002dcfd6e3100 9706       4       org.springframework.web.servlet.mvc.method.AbstractHandlerMethodAdapter::getLastModified (10 bytes)
Event: 6075.869 Thread 0x000002dcfd6e3100 nmethod 9706 0x000002dceed05790 code [0x000002dceed05920, 0x000002dceed059f8]
Event: 6075.869 Thread 0x000002dcfd6e3100 9707       4       java.util.RegularEnumSet::equals (74 bytes)
Event: 6075.870 Thread 0x000002dcfd6e3100 nmethod 9707 0x000002dceed05b10 code [0x000002dceed05ca0, 0x000002dceed05dc8]
Event: 6075.870 Thread 0x000002dcfd6e3100 9711       4       org.springframework.web.servlet.mvc.method.annotation.RequestMappingHandlerAdapter::invokeHandlerMethod (277 bytes)

GC Heap History (20 events):
Event: 6066.493 GC heap before
{Heap before GC invocations=14 (full 0):
 garbage-first heap   total 65536K, used 53622K [0x0000000703600000, 0x0000000800000000)
  region size 2048K, 18 young (36864K), 2 survivors (4096K)
 Metaspace       used 44819K, committed 45440K, reserved 1114112K
  class space    used 5461K, committed 5760K, reserved 1048576K
}
Event: 6066.499 GC heap after
{Heap after GC invocations=15 (full 0):
 garbage-first heap   total 65536K, used 21104K [0x0000000703600000, 0x0000000800000000)
  region size 2048K, 2 young (4096K), 2 survivors (4096K)
 Metaspace       used 44819K, committed 45440K, reserved 1114112K
  class space    used 5461K, committed 5760K, reserved 1048576K
}
Event: 6067.643 GC heap before
{Heap before GC invocations=15 (full 0):
 garbage-first heap   total 65536K, used 53872K [0x0000000703600000, 0x0000000800000000)
  region size 2048K, 18 young (36864K), 2 survivors (4096K)
 Metaspace       used 44824K, committed 45440K, reserved 1114112K
  class space    used 5462K, committed 5760K, reserved 1048576K
}
Event: 6067.649 GC heap after
{Heap after GC invocations=16 (full 0):
 garbage-first heap   total 65536K, used 21188K [0x0000000703600000, 0x0000000800000000)
  region size 2048K, 2 young (4096K), 2 survivors (4096K)
 Metaspace       used 44824K, committed 45440K, reserved 1114112K
  class space    used 5462K, committed 5760K, reserved 1048576K
}
Event: 6068.718 GC heap before
{Heap before GC invocations=16 (full 0):
 garbage-first heap   total 65536K, used 53956K [0x0000000703600000, 0x0000000800000000)
  region size 2048K, 18 young (36864K), 2 survivors (4096K)
 Metaspace       used 44828K, committed 45504K, reserved 1114112K
  class space    used 5462K, committed 5760K, reserved 1048576K
}
Event: 6068.724 GC heap after
{Heap after GC invocations=17 (full 0):
 garbage-first heap   total 65536K, used 21156K [0x0000000703600000, 0x0000000800000000)
  region size 2048K, 2 young (4096K), 2 survivors (4096K)
 Metaspace       used 44828K, committed 45504K, reserved 1114112K
  class space    used 5462K, committed 5760K, reserved 1048576K
}
Event: 6069.751 GC heap before
{Heap before GC invocations=17 (full 0):
 garbage-first heap   total 65536K, used 53924K [0x0000000703600000, 0x0000000800000000)
  region size 2048K, 18 young (36864K), 2 survivors (4096K)
 Metaspace       used 44828K, committed 45504K, reserved 1114112K
  class space    used 5462K, committed 5760K, reserved 1048576K
}
Event: 6069.759 GC heap after
{Heap after GC invocations=18 (full 0):
 garbage-first heap   total 65536K, used 21184K [0x0000000703600000, 0x0000000800000000)
  region size 2048K, 2 young (4096K), 2 survivors (4096K)
 Metaspace       used 44828K, committed 45504K, reserved 1114112K
  class space    used 5462K, committed 5760K, reserved 1048576K
}
Event: 6070.743 GC heap before
{Heap before GC invocations=18 (full 0):
 garbage-first heap   total 65536K, used 53952K [0x0000000703600000, 0x0000000800000000)
  region size 2048K, 18 young (36864K), 2 survivors (4096K)
 Metaspace       used 44828K, committed 45504K, reserved 1114112K
  class space    used 5462K, committed 5760K, reserved 1048576K
}
Event: 6070.748 GC heap after
{Heap after GC invocations=19 (full 0):
 garbage-first heap   total 65536K, used 21046K [0x0000000703600000, 0x0000000800000000)
  region size 2048K, 2 young (4096K), 2 survivors (4096K)
 Metaspace       used 44828K, committed 45504K, reserved 1114112K
  class space    used 5462K, committed 5760K, reserved 1048576K
}
Event: 6071.715 GC heap before
{Heap before GC invocations=19 (full 0):
 garbage-first heap   total 65536K, used 53814K [0x0000000703600000, 0x0000000800000000)
  region size 2048K, 18 young (36864K), 2 survivors (4096K)
 Metaspace       used 44837K, committed 45504K, reserved 1114112K
  class space    used 5463K, committed 5760K, reserved 1048576K
}
Event: 6071.721 GC heap after
{Heap after GC invocations=20 (full 0):
 garbage-first heap   total 65536K, used 21088K [0x0000000703600000, 0x0000000800000000)
  region size 2048K, 2 young (4096K), 2 survivors (4096K)
 Metaspace       used 44837K, committed 45504K, reserved 1114112K
  class space    used 5463K, committed 5760K, reserved 1048576K
}
Event: 6072.589 GC heap before
{Heap before GC invocations=20 (full 0):
 garbage-first heap   total 65536K, used 53856K [0x0000000703600000, 0x0000000800000000)
  region size 2048K, 18 young (36864K), 2 survivors (4096K)
 Metaspace       used 44844K, committed 45504K, reserved 1114112K
  class space    used 5463K, committed 5760K, reserved 1048576K
}
Event: 6072.595 GC heap after
{Heap after GC invocations=21 (full 0):
 garbage-first heap   total 65536K, used 21129K [0x0000000703600000, 0x0000000800000000)
  region size 2048K, 2 young (4096K), 2 survivors (4096K)
 Metaspace       used 44844K, committed 45504K, reserved 1114112K
  class space    used 5463K, committed 5760K, reserved 1048576K
}
Event: 6073.504 GC heap before
{Heap before GC invocations=21 (full 0):
 garbage-first heap   total 65536K, used 53897K [0x0000000703600000, 0x0000000800000000)
  region size 2048K, 18 young (36864K), 2 survivors (4096K)
 Metaspace       used 44844K, committed 45504K, reserved 1114112K
  class space    used 5463K, committed 5760K, reserved 1048576K
}
Event: 6073.511 GC heap after
{Heap after GC invocations=22 (full 0):
 garbage-first heap   total 65536K, used 21091K [0x0000000703600000, 0x0000000800000000)
  region size 2048K, 2 young (4096K), 2 survivors (4096K)
 Metaspace       used 44844K, committed 45504K, reserved 1114112K
  class space    used 5463K, committed 5760K, reserved 1048576K
}
Event: 6074.526 GC heap before
{Heap before GC invocations=22 (full 0):
 garbage-first heap   total 65536K, used 53859K [0x0000000703600000, 0x0000000800000000)
  region size 2048K, 18 young (36864K), 2 survivors (4096K)
 Metaspace       used 44844K, committed 45504K, reserved 1114112K
  class space    used 5463K, committed 5760K, reserved 1048576K
}
Event: 6074.531 GC heap after
{Heap after GC invocations=23 (full 0):
 garbage-first heap   total 65536K, used 21341K [0x0000000703600000, 0x0000000800000000)
  region size 2048K, 2 young (4096K), 2 survivors (4096K)
 Metaspace       used 44844K, committed 45504K, reserved 1114112K
  class space    used 5463K, committed 5760K, reserved 1048576K
}
Event: 6075.456 GC heap before
{Heap before GC invocations=23 (full 0):
 garbage-first heap   total 65536K, used 54109K [0x0000000703600000, 0x0000000800000000)
  region size 2048K, 18 young (36864K), 2 survivors (4096K)
 Metaspace       used 44846K, committed 45504K, reserved 1114112K
  class space    used 5464K, committed 5760K, reserved 1048576K
}
Event: 6075.464 GC heap after
{Heap after GC invocations=24 (full 0):
 garbage-first heap   total 65536K, used 21253K [0x0000000703600000, 0x0000000800000000)
  region size 2048K, 1 young (2048K), 1 survivors (2048K)
 Metaspace       used 44846K, committed 45504K, reserved 1114112K
  class space    used 5464K, committed 5760K, reserved 1048576K
}

Dll operation events (14 events):
Event: 0.005 Loaded shared library C:\Users\Mehdi\.jdks\jdk-21.0.2\bin\java.dll
Event: 0.031 Loaded shared library C:\Users\Mehdi\.jdks\jdk-21.0.2\bin\jsvml.dll
Event: 0.073 Loaded shared library C:\Users\Mehdi\.jdks\jdk-21.0.2\bin\zip.dll
Event: 0.075 Loaded shared library C:\Users\Mehdi\.jdks\jdk-21.0.2\bin\instrument.dll
Event: 0.077 Loaded shared library C:\Users\Mehdi\.jdks\jdk-21.0.2\bin\net.dll
Event: 0.078 Loaded shared library C:\Users\Mehdi\.jdks\jdk-21.0.2\bin\nio.dll
Event: 0.081 Loaded shared library C:\Users\Mehdi\.jdks\jdk-21.0.2\bin\zip.dll
Event: 0.112 Loaded shared library E:\programs\installed\App\IntelliJ IDEA Community Edition 2023.3.2\bin\breakgen64.dll
Event: 0.120 Loaded shared library C:\Users\Mehdi\.jdks\jdk-21.0.2\bin\extnet.dll
Event: 0.138 Loaded shared library C:\Users\Mehdi\.jdks\jdk-21.0.2\bin\jimage.dll
Event: 0.330 Loaded shared library C:\Users\Mehdi\.jdks\jdk-21.0.2\bin\management.dll
Event: 0.332 Loaded shared library C:\Users\Mehdi\.jdks\jdk-21.0.2\bin\management_ext.dll
Event: 0.900 Loaded shared library C:\Users\Mehdi\.jdks\jdk-21.0.2\bin\sunmscapi.dll
Event: 20.380 Loaded shared library C:\Users\Mehdi\.jdks\jdk-21.0.2\bin\verify.dll

Deoptimization events (20 events):
Event: 6070.264 Thread 0x000002dcc5da0f60 DEOPT UNPACKING pc=0x000002dcedfe7da2 sp=0x000000edf81fa200 mode 2
Event: 6070.264 Thread 0x000002dcc5da08d0 DEOPT UNPACKING pc=0x000002dcedfe7da2 sp=0x000000edf83fa210 mode 2
Event: 6070.324 Thread 0x000002dcc5da08d0 DEOPT PACKING pc=0x000002dce75f2456 sp=0x000000edf83fe780
Event: 6070.324 Thread 0x000002dcc5d99fd0 DEOPT PACKING pc=0x000002dce75f2456 sp=0x000000edf84fe8b0
Event: 6070.324 Thread 0x000002dcc5da08d0 DEOPT UNPACKING pc=0x000002dcedfe88e2 sp=0x000000edf83fdc38 mode 0
Event: 6070.324 Thread 0x000002dcc5d99fd0 DEOPT UNPACKING pc=0x000002dcedfe88e2 sp=0x000000edf84fdd68 mode 0
Event: 6070.502 Thread 0x000002dcfd6dbf70 DEOPT PACKING pc=0x000002dce7b38d9b sp=0x000000edf89fe9f0
Event: 6070.502 Thread 0x000002dcfd6dbf70 DEOPT UNPACKING pc=0x000002dcedfe88e2 sp=0x000000edf89fde10 mode 0
Event: 6070.561 Thread 0x000002dcc5da08d0 Uncommon trap: trap_request=0xffffff45 fr.pc=0x000002dceeba8d4c relative=0x00000000000056ec
Event: 6070.561 Thread 0x000002dcc5da08d0 Uncommon trap: reason=unstable_if action=reinterpret pc=0x000002dceeba8d4c method=java.time.Duration.create(JI)Ljava/time/Duration; @ 6 c2
Event: 6070.561 Thread 0x000002dcc5da08d0 DEOPT PACKING pc=0x000002dceeba8d4c sp=0x000000edf83fb1b0
Event: 6070.561 Thread 0x000002dcc5da08d0 DEOPT UNPACKING pc=0x000002dcedfe7da2 sp=0x000000edf83faac0 mode 2
Event: 6070.734 Thread 0x000002dcc5d9b380 Uncommon trap: trap_request=0xffffff45 fr.pc=0x000002dceea1efb0 relative=0x00000000000002f0
Event: 6070.734 Thread 0x000002dcc5d9b380 Uncommon trap: reason=unstable_if action=reinterpret pc=0x000002dceea1efb0 method=java.util.concurrent.ConcurrentLinkedDeque.pollLast()Ljava/lang/Object; @ 20 c2
Event: 6070.734 Thread 0x000002dcc5d9b380 DEOPT PACKING pc=0x000002dceea1efb0 sp=0x000000edf88fa840
Event: 6070.734 Thread 0x000002dcc5d9b380 DEOPT UNPACKING pc=0x000002dcedfe7da2 sp=0x000000edf88fa7f0 mode 2
Event: 6075.082 Thread 0x000002dcc5d9a660 Uncommon trap: trap_request=0xffffff6e fr.pc=0x000002dceecc129c relative=0x00000000000035fc
Event: 6075.082 Thread 0x000002dcc5d9a660 Uncommon trap: reason=loop_limit_check action=maybe_recompile pc=0x000002dceecc129c method=com.mongodb.internal.connection.BaseCluster.atMostNRandom(Ljava/util/ArrayList;ILjava/util/function/Function;)Ljava/util/List; @ 24 c2
Event: 6075.082 Thread 0x000002dcc5d9a660 DEOPT PACKING pc=0x000002dceecc129c sp=0x000000edf86fc400
Event: 6075.082 Thread 0x000002dcc5d9a660 DEOPT UNPACKING pc=0x000002dcedfe7da2 sp=0x000000edf86fc070 mode 2

Classes loaded (20 events):
Event: 6.791 Loading class java/util/stream/LongStream
Event: 6.791 Loading class java/util/stream/LongStream done
Event: 6.791 Loading class java/util/stream/DoubleStream
Event: 6.791 Loading class java/util/stream/DoubleStream done
Event: 20.336 Loading class java/io/PushbackInputStream
Event: 20.336 Loading class java/io/PushbackInputStream done
Event: 20.337 Loading class org/w3c/dom/Node
Event: 20.338 Loading class org/w3c/dom/Node done
Event: 20.338 Loading class org/w3c/dom/Document
Event: 20.338 Loading class org/w3c/dom/Document done
Event: 20.397 Loading class java/util/concurrent/ConcurrentHashMap$TreeBin
Event: 20.398 Loading class java/util/concurrent/ConcurrentHashMap$TreeBin done
Event: 414.184 Loading class java/util/concurrent/locks/ReentrantReadWriteLock$Sync$HoldCounter
Event: 414.184 Loading class java/util/concurrent/locks/ReentrantReadWriteLock$Sync$HoldCounter done
Event: 3600.348 Loading class java/util/ArrayList$SubList$2
Event: 3600.348 Loading class java/util/ArrayList$SubList$2 done
Event: 6065.989 Loading class java/util/concurrent/locks/StampedLock$Node
Event: 6065.989 Loading class java/util/concurrent/locks/StampedLock$Node done
Event: 6071.671 Loading class sun/util/locale/LocaleExtensions
Event: 6071.672 Loading class sun/util/locale/LocaleExtensions done

Classes unloaded (0 events):
No events

Classes redefined (0 events):
No events

Internal exceptions (20 events):
Event: 2.347 Thread 0x000002dcfd6dcc90 Exception <a 'java/lang/IncompatibleClassChangeError'{0x0000000705d5b530}: Found class java.lang.Object, but interface was expected> (0x0000000705d5b530) 
thrown [s\open\src\hotspot\share\interpreter\linkResolver.cpp, line 840]
Event: 2.356 Thread 0x000002dcfd6dcc90 Exception <a 'java/lang/NoSuchMethodError'{0x0000000705d9eff8}: 'java.lang.Object java.lang.invoke.DirectMethodHandle$Holder.newInvokeSpecial(java.lang.Object, java.lang.Object, java.lang.Object, java.lang.Object, java.lang.Object, java.lang.Object)'> (0x0000000705d9eff8) 
thrown [s\open\src\hotspot\share\interpreter\linkResolver.cpp, line 773]
Event: 2.527 Thread 0x000002dcfd6dcc90 Implicit null exception at 0x000002dcee7912da to 0x000002dcee7913f8
Event: 2.528 Thread 0x000002dcfd6dcc90 Exception <a 'java/lang/NoSuchMethodError'{0x000000071338ec08}: 'java.lang.Object java.lang.invoke.DirectMethodHandle$Holder.newInvokeSpecial(java.lang.Object, java.lang.Object, java.lang.Object, java.lang.Object, java.lang.Object, java.lang.Object, java.lang.Object, java.lang.Object)'> (0x000000071338ec08) 
thrown [s\open\src\hotspot\share\interpreter\linkResolver.cpp, line 773]
Event: 2.666 Thread 0x000002dcfd6dcc90 Exception <a 'java/lang/IncompatibleClassChangeError'{0x000000071320afc0}: Found class java.lang.Object, but interface was expected> (0x000000071320afc0) 
thrown [s\open\src\hotspot\share\interpreter\linkResolver.cpp, line 840]
Event: 2.701 Thread 0x000002dcfd6dcc90 Exception <a 'java/lang/NoSuchMethodError'{0x0000000713379758}: 'void java.lang.invoke.DirectMethodHandle$Holder.invokeVirtual(java.lang.Object, java.lang.Object, long)'> (0x0000000713379758) 
thrown [s\open\src\hotspot\share\interpreter\linkResolver.cpp, line 773]
Event: 2.746 Thread 0x000002dcfd6dcc90 Exception <a 'java/lang/NoSuchMethodError'{0x0000000710221fc0}: 'int java.lang.invoke.DirectMethodHandle$Holder.invokeStaticInit(java.lang.Object, java.lang.Object, java.lang.Object, java.lang.Object)'> (0x0000000710221fc0) 
thrown [s\open\src\hotspot\share\interpreter\linkResolver.cpp, line 773]
Event: 2.815 Thread 0x000002dcfd6dcc90 Exception <a 'java/lang/NoSuchMethodError'{0x00000007100f06e0}: 'java.lang.Object java.lang.invoke.DirectMethodHandle$Holder.newInvokeSpecial(java.lang.Object, java.lang.Object, int, java.lang.Object, java.lang.Object)'> (0x00000007100f06e0) 
thrown [s\open\src\hotspot\share\interpreter\linkResolver.cpp, line 773]
Event: 2.816 Thread 0x000002dcfd6dcc90 Exception <a 'java/lang/NoSuchMethodError'{0x00000007100fb590}: 'java.lang.Object java.lang.invoke.DirectMethodHandle$Holder.invokeSpecial(java.lang.Object, java.lang.Object, int, java.lang.Object, int, java.lang.Object)'> (0x00000007100fb590) 
thrown [s\open\src\hotspot\share\interpreter\linkResolver.cpp, line 773]
Event: 2.816 Thread 0x000002dcfd6dcc90 Exception <a 'java/lang/NoSuchMethodError'{0x00000007101029f0}: 'java.lang.Object java.lang.invoke.DirectMethodHandle$Holder.newInvokeSpecial(java.lang.Object, java.lang.Object, int, java.lang.Object, int)'> (0x00000007101029f0) 
thrown [s\open\src\hotspot\share\interpreter\linkResolver.cpp, line 773]
Event: 2.816 Thread 0x000002dcfd6dcc90 Exception <a 'java/lang/NoSuchMethodError'{0x0000000710106860}: 'java.lang.Object java.lang.invoke.DirectMethodHandle$Holder.invokeSpecial(java.lang.Object, java.lang.Object, java.lang.Object, int, java.lang.Object, int)'> (0x0000000710106860) 
thrown [s\open\src\hotspot\share\interpreter\linkResolver.cpp, line 773]
Event: 6.648 Thread 0x000002dcc5d9c730 Exception <a 'java/lang/NoSuchMethodError'{0x00000007067482e0}: 'java.lang.Object java.lang.invoke.DirectMethodHandle$Holder.invokeSpecial(java.lang.Object, java.lang.Object, java.lang.Object, java.lang.Object, java.lang.Object, long)'> (0x00000007067482e0) 
thrown [s\open\src\hotspot\share\interpreter\linkResolver.cpp, line 773]
Event: 6.648 Thread 0x000002dcc5d9c730 Exception <a 'java/lang/NoSuchMethodError'{0x000000070674baa0}: 'java.lang.Object java.lang.invoke.Invokers$Holder.linkToTargetMethod(java.lang.Object, java.lang.Object, java.lang.Object, long, java.lang.Object)'> (0x000000070674baa0) 
thrown [s\open\src\hotspot\share\interpreter\linkResolver.cpp, line 773]
Event: 20.433 Thread 0x000002dcc5d99fd0 Exception <a 'java/lang/NoSuchMethodError'{0x00000007051f80b0}: 'void java.lang.invoke.Invokers$Holder.invoke_MT(java.lang.Object, java.lang.Object, java.lang.Object, java.lang.Object)'> (0x00000007051f80b0) 
thrown [s\open\src\hotspot\share\interpreter\linkResolver.cpp, line 773]
Event: 61.901 Thread 0x000002dcc5d9cdc0 Exception <a 'java/lang/NoSuchMethodError'{0x00000007133b29b0}: 'java.lang.Object java.lang.invoke.DirectMethodHandle$Holder.newInvokeSpecial(java.lang.Object, java.lang.Object, long)'> (0x00000007133b29b0) 
thrown [s\open\src\hotspot\share\interpreter\linkResolver.cpp, line 773]
Event: 61.901 Thread 0x000002dcc5d9cdc0 Exception <a 'java/lang/NoSuchMethodError'{0x00000007133b5fb0}: 'java.lang.Object java.lang.invoke.Invokers$Holder.linkToTargetMethod(java.lang.Object, long, java.lang.Object)'> (0x00000007133b5fb0) 
thrown [s\open\src\hotspot\share\interpreter\linkResolver.cpp, line 773]
Event: 518.554 Thread 0x000002dcc5d9b380 Implicit null exception at 0x000002dcee61a3cc to 0x000002dcee61a49a
Event: 3600.348 Thread 0x000002dcfd6dbf70 Exception <a 'java/lang/NoSuchMethodError'{0x0000000705b4e078}: 'java.lang.Object java.lang.invoke.DirectMethodHandle$Holder.invokeStatic(java.lang.Object, int, int)'> (0x0000000705b4e078) 
thrown [s\open\src\hotspot\share\interpreter\linkResolver.cpp, line 773]
Event: 3740.083 Thread 0x000002dcc5d9acf0 Implicit null exception at 0x000002dcee7dab9d to 0x000002dcee7daf84
Event: 6064.400 Thread 0x000002dcc5d9a660 Implicit null exception at 0x000002dcee697ee7 to 0x000002dcee697f84

ZGC Phase Switch (0 events):
No events

VM Operations (20 events):
Event: 6069.751 Executing VM operation: G1CollectForAllocation (G1 Evacuation Pause)
Event: 6069.760 Executing VM operation: G1CollectForAllocation (G1 Evacuation Pause) done
Event: 6070.743 Executing VM operation: G1CollectForAllocation (G1 Evacuation Pause)
Event: 6070.748 Executing VM operation: G1CollectForAllocation (G1 Evacuation Pause) done
Event: 6071.715 Executing VM operation: G1CollectForAllocation (G1 Evacuation Pause)
Event: 6071.721 Executing VM operation: G1CollectForAllocation (G1 Evacuation Pause) done
Event: 6072.589 Executing VM operation: G1CollectForAllocation (G1 Evacuation Pause)
Event: 6072.595 Executing VM operation: G1CollectForAllocation (G1 Evacuation Pause) done
Event: 6073.387 Executing VM operation: HandshakeAllThreads (HandshakeForDeflation)
Event: 6073.387 Executing VM operation: HandshakeAllThreads (HandshakeForDeflation) done
Event: 6073.387 Executing VM operation: RendezvousGCThreads
Event: 6073.387 Executing VM operation: RendezvousGCThreads done
Event: 6073.504 Executing VM operation: G1CollectForAllocation (G1 Evacuation Pause)
Event: 6073.511 Executing VM operation: G1CollectForAllocation (G1 Evacuation Pause) done
Event: 6074.520 Executing VM operation: Cleanup
Event: 6074.520 Executing VM operation: Cleanup done
Event: 6074.526 Executing VM operation: G1CollectForAllocation (G1 Evacuation Pause)
Event: 6074.531 Executing VM operation: G1CollectForAllocation (G1 Evacuation Pause) done
Event: 6075.456 Executing VM operation: G1CollectForAllocation (G1 Evacuation Pause)
Event: 6075.466 Executing VM operation: G1CollectForAllocation (G1 Evacuation Pause) done

Events (20 events):
Event: 2.824 Thread 0x000002dcc5d9a660 Thread added: 0x000002dcc5d9a660
Event: 2.824 Thread 0x000002dcc5da15f0 Thread added: 0x000002dcc5da15f0
Event: 2.824 Thread 0x000002dcc5d9b380 Thread added: 0x000002dcc5d9b380
Event: 2.824 Thread 0x000002dcfd6dbf70 Thread added: 0x000002dcfd6dbf70
Event: 2.832 Thread 0x000002dcc6c2c260 Thread added: 0x000002dcc6c2c260
Event: 2.833 Thread 0x000002dcc6c252d0 Thread added: 0x000002dcc6c252d0
Event: 2.848 Thread 0x000002dcfd6dcc90 Thread exited: 0x000002dcfd6dcc90
Event: 2.850 Thread 0x000002dcfd6da530 Thread exited: 0x000002dcfd6da530
Event: 2.850 Thread 0x000002dcdc436500 Thread exited: 0x000002dcdc436500
Event: 2.850 Thread 0x000002dcc6c28750 Thread added: 0x000002dcc6c28750
Event: 3.411 Thread 0x000002dcfefdd700 Thread exited: 0x000002dcfefdd700
Event: 3.411 Thread 0x000002dcfda96560 Thread exited: 0x000002dcfda96560
Event: 6.670 Thread 0x000002dcfda96560 Thread added: 0x000002dcfda96560
Event: 7.367 Thread 0x000002dcfda96560 Thread exited: 0x000002dcfda96560
Event: 6065.039 Thread 0x000002dcc5e3e6d0 Thread added: 0x000002dcc5e3e6d0
Event: 6066.372 Thread 0x000002dcc5e3e6d0 Thread exited: 0x000002dcc5e3e6d0
Event: 6067.042 Thread 0x000002dcc5e3e660 Thread added: 0x000002dcc5e3e660
Event: 6068.759 Thread 0x000002dcc5e3e660 Thread exited: 0x000002dcc5e3e660
Event: 6069.044 Thread 0x000002dcc7281950 Thread added: 0x000002dcc7281950
Event: 6073.158 Thread 0x000002dcc7281950 Thread exited: 0x000002dcc7281950


Dynamic libraries:
0x00007ff7516c0000 - 0x00007ff7516ce000 	C:\Users\Mehdi\.jdks\jdk-21.0.2\bin\java.exe
0x00007ff86f170000 - 0x00007ff86f368000 	C:\Windows\SYSTEM32\ntdll.dll
0x00007ff86d760000 - 0x00007ff86d81d000 	C:\Windows\System32\KERNEL32.DLL
0x00007ff86cc10000 - 0x00007ff86cf06000 	C:\Windows\System32\KERNELBASE.dll
0x00007ff86c950000 - 0x00007ff86ca50000 	C:\Windows\System32\ucrtbase.dll
0x00007ff854090000 - 0x00007ff8540ab000 	C:\Users\Mehdi\.jdks\jdk-21.0.2\bin\VCRUNTIME140.dll
0x00007ff866680000 - 0x00007ff866698000 	C:\Users\Mehdi\.jdks\jdk-21.0.2\bin\jli.dll
0x00007ff86e810000 - 0x00007ff86e9ae000 	C:\Windows\System32\USER32.dll
0x00007ff851f50000 - 0x00007ff8521ea000 	C:\Windows\WinSxS\amd64_microsoft.windows.common-controls_6595b64144ccf1df_6.0.19041.3636_none_60b6a03d71f818d5\COMCTL32.dll
0x00007ff86cbe0000 - 0x00007ff86cc02000 	C:\Windows\System32\win32u.dll
0x00007ff86f090000 - 0x00007ff86f12e000 	C:\Windows\System32\msvcrt.dll
0x00007ff86da40000 - 0x00007ff86da6c000 	C:\Windows\System32\GDI32.dll
0x00007ff86d0a0000 - 0x00007ff86d1ba000 	C:\Windows\System32\gdi32full.dll
0x00007ff86c840000 - 0x00007ff86c8dd000 	C:\Windows\System32\msvcp_win.dll
0x00007ff86d2e0000 - 0x00007ff86d310000 	C:\Windows\System32\IMM32.DLL
0x00007ff8676b0000 - 0x00007ff8676bc000 	C:\Users\Mehdi\.jdks\jdk-21.0.2\bin\vcruntime140_1.dll
0x00007ff838db0000 - 0x00007ff838e3e000 	C:\Users\Mehdi\.jdks\jdk-21.0.2\bin\msvcp140.dll
0x00007fffd8850000 - 0x00007fffd9567000 	C:\Users\Mehdi\.jdks\jdk-21.0.2\bin\server\jvm.dll
0x00007ff86eb60000 - 0x00007ff86ec13000 	C:\Windows\System32\ADVAPI32.dll
0x00007ff86d240000 - 0x00007ff86d2df000 	C:\Windows\System32\sechost.dll
0x00007ff86d630000 - 0x00007ff86d756000 	C:\Windows\System32\RPCRT4.dll
0x00007ff86ca50000 - 0x00007ff86ca77000 	C:\Windows\System32\bcrypt.dll
0x00007ff86e240000 - 0x00007ff86e2ab000 	C:\Windows\System32\WS2_32.dll
0x00007ff86bcb0000 - 0x00007ff86bcfb000 	C:\Windows\SYSTEM32\POWRPROF.dll
0x00007ff86a3f0000 - 0x00007ff86a417000 	C:\Windows\SYSTEM32\WINMM.dll
0x00007ff85f550000 - 0x00007ff85f55a000 	C:\Windows\SYSTEM32\VERSION.dll
0x00007ff86bc50000 - 0x00007ff86bc62000 	C:\Windows\SYSTEM32\UMPDC.dll
0x00007ff86b080000 - 0x00007ff86b092000 	C:\Windows\SYSTEM32\kernel.appcore.dll
0x00007ff867670000 - 0x00007ff86767a000 	C:\Users\Mehdi\.jdks\jdk-21.0.2\bin\jimage.dll
0x00007ff86a180000 - 0x00007ff86a364000 	C:\Windows\SYSTEM32\DBGHELP.DLL
0x00007ff86a3b0000 - 0x00007ff86a3e4000 	C:\Windows\SYSTEM32\dbgcore.DLL
0x00007ff86cf10000 - 0x00007ff86cf92000 	C:\Windows\System32\bcryptPrimitives.dll
0x00007ff840c30000 - 0x00007ff840c3f000 	C:\Users\Mehdi\.jdks\jdk-21.0.2\bin\instrument.dll
0x00007ff854070000 - 0x00007ff85408f000 	C:\Users\Mehdi\.jdks\jdk-21.0.2\bin\java.dll
0x00007ff86da70000 - 0x00007ff86e1b5000 	C:\Windows\System32\SHELL32.dll
0x00007ff86a8d0000 - 0x00007ff86b06b000 	C:\Windows\SYSTEM32\windows.storage.dll
0x00007ff86ed30000 - 0x00007ff86f084000 	C:\Windows\System32\combase.dll
0x00007ff86c270000 - 0x00007ff86c29d000 	C:\Windows\SYSTEM32\Wldp.dll
0x00007ff86ec80000 - 0x00007ff86ed2d000 	C:\Windows\System32\SHCORE.dll
0x00007ff86ec20000 - 0x00007ff86ec75000 	C:\Windows\System32\shlwapi.dll
0x00007ff86c770000 - 0x00007ff86c795000 	C:\Windows\SYSTEM32\profapi.dll
0x00007ff82aa80000 - 0x00007ff82ab57000 	C:\Users\Mehdi\.jdks\jdk-21.0.2\bin\jsvml.dll
0x00007ff848b50000 - 0x00007ff848b68000 	C:\Users\Mehdi\.jdks\jdk-21.0.2\bin\zip.dll
0x00007ff854020000 - 0x00007ff854030000 	C:\Users\Mehdi\.jdks\jdk-21.0.2\bin\net.dll
0x00007ff866ea0000 - 0x00007ff866faa000 	C:\Windows\SYSTEM32\WINHTTP.dll
0x00007ff86bfd0000 - 0x00007ff86c03a000 	C:\Windows\system32\mswsock.dll
0x00007ff854000000 - 0x00007ff854016000 	C:\Users\Mehdi\.jdks\jdk-21.0.2\bin\nio.dll
0x00007ff840c10000 - 0x00007ff840c2a000 	E:\programs\installed\App\IntelliJ IDEA Community Edition 2023.3.2\bin\breakgen64.dll
0x00007ff852630000 - 0x00007ff852639000 	C:\Users\Mehdi\.jdks\jdk-21.0.2\bin\extnet.dll
0x00007ff840c00000 - 0x00007ff840c0a000 	C:\Users\Mehdi\.jdks\jdk-21.0.2\bin\management.dll
0x00007ff840bf0000 - 0x00007ff840bfb000 	C:\Users\Mehdi\.jdks\jdk-21.0.2\bin\management_ext.dll
0x00007ff86d440000 - 0x00007ff86d448000 	C:\Windows\System32\PSAPI.DLL
0x00007ff840be0000 - 0x00007ff840bee000 	C:\Users\Mehdi\.jdks\jdk-21.0.2\bin\sunmscapi.dll
0x00007ff86ca80000 - 0x00007ff86cbdd000 	C:\Windows\System32\CRYPT32.dll
0x00007ff86c2e0000 - 0x00007ff86c308000 	C:\Windows\SYSTEM32\ncrypt.dll
0x00007ff86c2a0000 - 0x00007ff86c2db000 	C:\Windows\SYSTEM32\NTASN1.dll
0x00007ff86c1c0000 - 0x00007ff86c1d8000 	C:\Windows\SYSTEM32\CRYPTSP.dll
0x00007ff86b890000 - 0x00007ff86b8c4000 	C:\Windows\system32\rsaenh.dll
0x00007ff86c730000 - 0x00007ff86c75e000 	C:\Windows\SYSTEM32\USERENV.dll
0x00007ff86c1e0000 - 0x00007ff86c1ec000 	C:\Windows\SYSTEM32\CRYPTBASE.dll
0x00007ff86bc70000 - 0x00007ff86bcab000 	C:\Windows\SYSTEM32\IPHLPAPI.DLL
0x00007ff86d820000 - 0x00007ff86d828000 	C:\Windows\System32\NSI.dll
0x00007ff8076a0000 - 0x00007ff8076a7000 	C:\Windows\system32\wshunix.dll
0x00007ff840b10000 - 0x00007ff840b20000 	C:\Users\Mehdi\.jdks\jdk-21.0.2\bin\verify.dll

dbghelp: loaded successfully - version: 4.0.5 - missing functions: none
symbol engine: initialized successfully - sym options: 0x614 - pdb path: .;C:\Users\Mehdi\.jdks\jdk-21.0.2\bin;C:\Windows\SYSTEM32;C:\Windows\WinSxS\amd64_microsoft.windows.common-controls_6595b64144ccf1df_6.0.19041.3636_none_60b6a03d71f818d5;C:\Users\Mehdi\.jdks\jdk-21.0.2\bin\server;E:\programs\installed\App\IntelliJ IDEA Community Edition 2023.3.2\bin

VM Arguments:
jvm_args: -javaagent:E:\programs\installed\App\IntelliJ IDEA Community Edition 2023.3.2\lib\idea_rt.jar=52046:E:\programs\installed\App\IntelliJ IDEA Community Edition 2023.3.2\bin -Dfile.encoding=UTF-8 -Dsun.stdout.encoding=UTF-8 -Dsun.stderr.encoding=UTF-8 
java_command: run.liara.iran.webco.IE.IeApplication
java_class_path (initial): D:\work\u\internet\backend\IE\target\classes;C:\Users\Mehdi\.m2\repository\org\springframework\boot\spring-boot-starter-data-mongodb\3.2.2\spring-boot-starter-data-mongodb-3.2.2.jar;C:\Users\Mehdi\.m2\repository\org\springframework\boot\spring-boot-starter\3.2.2\spring-boot-starter-3.2.2.jar;C:\Users\Mehdi\.m2\repository\org\springframework\boot\spring-boot-starter-logging\3.2.2\spring-boot-starter-logging-3.2.2.jar;C:\Users\Mehdi\.m2\repository\ch\qos\logback\logback-classic\1.4.14\logback-classic-1.4.14.jar;C:\Users\Mehdi\.m2\repository\ch\qos\logback\logback-core\1.4.14\logback-core-1.4.14.jar;C:\Users\Mehdi\.m2\repository\org\apache\logging\log4j\log4j-to-slf4j\2.21.1\log4j-to-slf4j-2.21.1.jar;C:\Users\Mehdi\.m2\repository\org\apache\logging\log4j\log4j-api\2.21.1\log4j-api-2.21.1.jar;C:\Users\Mehdi\.m2\repository\org\slf4j\jul-to-slf4j\2.0.11\jul-to-slf4j-2.0.11.jar;C:\Users\Mehdi\.m2\repository\jakarta\annotation\jakarta.annotation-api\2.1.1\jakarta.annotation-api-2.1.1.jar;C:\Users\Mehdi\.m2\repository\org\yaml\snakeyaml\2.2\snakeyaml-2.2.jar;C:\Users\Mehdi\.m2\repository\org\mongodb\mongodb-driver-sync\4.11.1\mongodb-driver-sync-4.11.1.jar;C:\Users\Mehdi\.m2\repository\org\mongodb\bson\4.11.1\bson-4.11.1.jar;C:\Users\Mehdi\.m2\repository\org\mongodb\mongodb-driver-core\4.11.1\mongodb-driver-core-4.11.1.jar;C:\Users\Mehdi\.m2\repository\org\mongodb\bson-record-codec\4.11.1\bson-record-codec-4.11.1.jar;C:\Users\Mehdi\.m2\repository\org\springframework\data\spring-data-mongodb\4.2.2\spring-data-mongodb-4.2.2.jar;C:\Users\Mehdi\.m2\repository\org\springframework\spring-tx\6.1.3\spring-tx-6.1.3.jar;C:\Users\Mehdi\.m2\repository\org\springframework\spring-context\6.1.3\spring-context-6.1.3.jar;C:\Users\Mehdi\.m2\repository\org\springframework\spring-beans\6.1.3\spring-beans-6.1.3.jar;C:\Users\Mehdi\.m2\repository\org\springframework\spring-expression\6.1.3\spring-expression-6.1.3.jar;C:\Users\Mehdi\.m2\repository\org\springframework\data\spring-data-commons\3.2.2\spring-data-commons-3.2.2.jar;C:\Users\Mehdi\.m2\repository\org\slf4j\slf4j-api\2.0.11\slf4j-api-2.0.11.jar;C:\Users\Mehdi\.m2\repository\org\springframework\boot\spring-boot-starter-web\3.2.2\spring-boot-starter-web-3.2.2.jar;C:\Users\Mehdi\.m2\repository\org\springframework\boot\spring-boot-starter-json\3.2.2\spring-boot-starter-json-3.2.2.jar;C:\Users\Mehdi\.m2\repository\com\fasterxml\jackson\core\jackson-databind\2.15.3\jackson-databind-2.15.3.jar;C:\Users\Mehdi\.m2\repository\com\fasterxml\jackson\core\jackson-annotations\2.15.3\jackson-annotations-2.15.3.jar;C:\Users\Mehdi\.m2\repository\com\fasterxml\jackson\core\jackson-core\2.15.3\jackson-core-2.15.3.jar;C:\Users\Mehdi\.m2\repository\com\fasterxml\jackson\datatype\jackson-datatype-jdk8\2.15.3\jackson-datatype-jdk8-2.15.3.jar;C:\Users\Mehdi\.m2\repository\com\fasterxml\jackson\datatype\jackson-datatype-jsr310\2.15.3\jackson-datatype-jsr310-2.15.3.jar;C:\Users\Mehdi\.m2\repository\com\fasterxml\jackson\module\jackson-module-parameter-names\2.15.3\jackson-module-parameter-names-2.15.3.jar;C:\Users\Mehdi\.m2\repository\org\springframework\boot\spring-boot-starter-tomcat\3.2.2\spring-boot-starter-tomcat-3.2.2.jar;C:\Users\Mehdi\.m2\repository\org\apache\tomcat\embed\tomcat-embed-core\10.1.18\tomcat-embed-core-10.1.18.jar;C:\Users\Mehdi\.m2\repository\org\apache\tomcat\embed\tomcat-embed-el\10.1.18\tomcat-embed-el-10.1.18.jar;C:\Users\Mehdi\.m2\repository\org\apache\tomcat\embed\tomcat-embed-websocket\10.1.18\tomcat-embed-websocket-10.1.18.jar;C:\Users\Mehdi\.m2\repository\org\springframework\spring-web\6.1.3\spring-web-6.1.3.jar;C:\Users\Mehdi\.m2\repository\io\micrometer\micrometer-observation\1.12.2\micrometer-observation-1.12.2.jar;C:\Users\Mehdi\.m2\repository\io\micrometer\micrometer-commons\1.12.2\micrometer-commons-1.12.2.jar;C:\Users\Mehdi\.m2\repository\org\springframework\spring-webmvc\6.1.3\spring-webmvc-6.1.3.jar;C:\Users\Mehdi\.m2\repository\org\springframework\spring-aop\6.1.3\spring-aop-6.1.3.jar;C:\Users\Mehdi\.m2\repository\org\springframework\boot\spring-boot-devtools\3.2.2\spring-boot-devtools-3.2.2.jar;C:\Users\Mehdi\.m2\repository\org\springframework\boot\spring-boot\3.2.2\spring-boot-3.2.2.jar;C:\Users\Mehdi\.m2\repository\org\springframework\boot\spring-boot-autoconfigure\3.2.2\spring-boot-autoconfigure-3.2.2.jar;C:\Users\Mehdi\.m2\repository\org\projectlombok\lombok\1.18.30\lombok-1.18.30.jar;C:\Users\Mehdi\.m2\repository\org\springframework\spring-core\6.1.3\spring-core-6.1.3.jar;C:\Users\Mehdi\.m2\repository\org\springframework\spring-jcl\6.1.3\spring-jcl-6.1.3.jar;C:\Users\Mehdi\.m2\repository\com\vaadin\external\google\android-json\0.0.20131108.vaadin1\android-json-0.0.20131108.vaadin1.jar
Launcher Type: SUN_STANDARD

[Global flags]
     intx CICompilerCount                          = 4                                         {product} {ergonomic}
     uint ConcGCThreads                            = 2                                         {product} {ergonomic}
     uint G1ConcRefinementThreads                  = 8                                         {product} {ergonomic}
   size_t G1HeapRegionSize                         = 2097152                                   {product} {ergonomic}
    uintx GCDrainStackTargetSize                   = 64                                        {product} {ergonomic}
   size_t InitialHeapSize                          = 266338304                                 {product} {ergonomic}
   size_t MarkStackSize                            = 4194304                                   {product} {ergonomic}
   size_t MaxHeapSize                              = 4238344192                                {product} {ergonomic}
   size_t MaxNewSize                               = 2541748224                                {product} {ergonomic}
   size_t MinHeapDeltaBytes                        = 2097152                                   {product} {ergonomic}
   size_t MinHeapSize                              = 8388608                                   {product} {ergonomic}
    uintx NonNMethodCodeHeapSize                   = 5839372                                {pd product} {ergonomic}
    uintx NonProfiledCodeHeapSize                  = 122909434                              {pd product} {ergonomic}
    uintx ProfiledCodeHeapSize                     = 122909434                              {pd product} {ergonomic}
    uintx ReservedCodeCacheSize                    = 251658240                              {pd product} {ergonomic}
     bool SegmentedCodeCache                       = true                                      {product} {ergonomic}
   size_t SoftMaxHeapSize                          = 4238344192                             {manageable} {ergonomic}
     bool UseCompressedOops                        = true                           {product lp64_product} {ergonomic}
     bool UseG1GC                                  = true                                      {product} {ergonomic}
     bool UseLargePagesIndividualAllocation        = false                                  {pd product} {ergonomic}

Logging:
Log output configuration:
 #0: stdout all=warning uptime,level,tags foldmultilines=false
 #1: stderr all=off uptime,level,tags foldmultilines=false

Environment Variables:
PATH=C:\Python310\Scripts\;C:\Python310\;C:\Windows\system32;C:\Windows;C:\Windows\System32\Wbem;C:\Windows\System32\WindowsPowerShell\v1.0\;C:\Windows\System32\OpenSSH\;C:\installed programs\monitoring mode\;C:\Program Files (x86)\NVIDIA Corporation\PhysX\Common;C:\ProgramData\chocolatey\bin;C:\installed programs\Git\cmd;C:\Program Files\Microsoft VS Code\bin;C:\installed programs\nodejs\;C:\installed programs\cygnus\cygwin-b20\H-i586-cygwin32\bin;;C:\Program Files\NVIDIA Corporation\NVIDIA NvDLISR;C:\Program Files\Microsoft SQL Server\120\DTS\Binn\;C:\Program Files\Microsoft SQL Server\Client SDK\ODBC\110\Tools\Binn\;C:\Program Files (x86)\Microsoft SQL Server\120\Tools\Binn\;C:\Program Files\Microsoft SQL Server\120\Tools\Binn\;C:\Program Files (x86)\Microsoft SQL Server\120\Tools\Binn\ManagementStudio\;C:\Program Files (x86)\Microsoft SQL Server\120\DTS\Binn\;C:\Users\Mehdi\AppData\Local\Programs\Python\Python312\Scripts\;C:\Users\Mehdi\AppData\Local\Programs\Python\Python312\;C:\Users\Mehdi\AppData\Local\Programs\Python\Python39\Scripts\;C:\Users\Mehdi\AppData\Local\Programs\Python\Python39\;C:\Users\Mehdi\AppData\Local\Microsoft\WindowsApps;C:\Users\Mehdi\AppData\Local\Programs\Python;C:\Users\Mehdi\AppData\Local\Programs\Microsoft VS Code\bin;C:\Users\Mehdi\AppData\Local\Programs\oh-my-posh\bin;C:\Users\Mehdi\AppData\Roaming\npm;C:\cygnus\cygwin-b20\H-i586-cygwin32\bin;C:\Users\Mehdi\AppData\Local\GitHubDesktop\bin;C:\Python310;;E:\programs\installed\App\IntelliJ IDEA Community Edition 2023.3.2\bin;
USERNAME=Mehdi
OS=Windows_NT
PROCESSOR_IDENTIFIER=Intel64 Family 6 Model 140 Stepping 1, GenuineIntel
TMP=C:\Users\Mehdi\AppData\Local\Temp
TEMP=C:\Users\Mehdi\AppData\Local\Temp




Periodic native trim disabled

---------------  S Y S T E M  ---------------

OS:
 Windows 10 , 64 bit Build 19041 (10.0.19041.3636)
OS uptime: 0 days 4:22 hours

CPU: total 8 (initial active 8) (4 cores per cpu, 2 threads per core) family 6 model 140 stepping 1 microcode 0x86, cx8, cmov, fxsr, ht, mmx, 3dnowpref, sse, sse2, sse3, ssse3, sse4.1, sse4.2, popcnt, lzcnt, tsc, tscinvbit, avx, avx2, aes, erms, clmul, bmi1, bmi2, adx, avx512f, avx512dq, avx512cd, avx512bw, avx512vl, sha, fma, vzeroupper, avx512_vpopcntdq, avx512_vpclmulqdq, avx512_vaes, avx512_vnni, clflush, clflushopt, clwb, avx512_vbmi2, avx512_vbmi, rdtscp, rdpid, fsrm, gfni, avx512_bitalg, f16c, pku, cet_ibt, cet_ss, avx512_ifma
Processor Information for all 8 processors :
  Max Mhz: 2803, Current Mhz: 2803, Mhz Limit: 2803

Memory: 4k page, system-wide physical 16167M (4667M free)
TotalPageFile size 28667M (AvailPageFile size 5M)
current process WorkingSet (physical memory assigned to process): 184M, peak: 227M
current process commit charge ("private bytes"): 281M, peak: 412M

vm_info: OpenJDK 64-Bit Server VM (21.0.2+13-58) for windows-amd64 JRE (21.0.2+13-58), built on 2024-01-05T18:32:24Z by "mach5one" with MS VC++ 17.1 (VS2022)

END.
